<?xml version="1.0" encoding="UTF-8"?>
<testng-results ignored="0" total="2" passed="2" failed="0" skipped="0">
  <reporter-output>
  </reporter-output>
  <suite started-at="2022-05-15T11:28:14 IST" name="Default suite" finished-at="2022-05-15T11:28:49 IST" duration-ms="35078">
    <groups>
    </groups>
    <test started-at="2022-05-15T11:28:14 IST" name="Default test" finished-at="2022-05-15T11:28:49 IST" duration-ms="35078">
      <class name="runner.TestExecution">
        <test-method is-config="true" signature="beforeClass()[pri:0, instance:runner.TestExecution@183ec003]" started-at="2022-05-15T11:28:14 IST" name="beforeClass" finished-at="2022-05-15T11:28:14 IST" duration-ms="260" status="PASS">
          <reporter-output>
          </reporter-output>
        </test-method> <!-- beforeClass -->
        <test-method is-config="true" signature="before()[pri:0, instance:runner.TestExecution@183ec003]" started-at="2022-05-15T11:28:14 IST" name="before" finished-at="2022-05-15T11:28:27 IST" duration-ms="12972" status="PASS">
          <reporter-output>
          </reporter-output>
        </test-method> <!-- before -->
        <test-method signature="t()[pri:0, instance:runner.TestExecution@183ec003]" started-at="2022-05-15T11:28:27 IST" name="t" finished-at="2022-05-15T11:28:31 IST" duration-ms="3661" status="PASS">
          <reporter-output>
          </reporter-output>
        </test-method> <!-- t -->
        <test-method is-config="true" signature="after()[pri:0, instance:runner.TestExecution@183ec003]" started-at="2022-05-15T11:28:31 IST" name="after" finished-at="2022-05-15T11:28:32 IST" duration-ms="1660" status="PASS">
          <reporter-output>
          </reporter-output>
        </test-method> <!-- after -->
        <test-method is-config="true" signature="before()[pri:0, instance:runner.TestExecution@183ec003]" started-at="2022-05-15T11:28:32 IST" name="before" finished-at="2022-05-15T11:28:44 IST" duration-ms="11518" status="PASS">
          <reporter-output>
          </reporter-output>
        </test-method> <!-- before -->
        <test-method signature="t1()[pri:0, instance:runner.TestExecution@183ec003]" started-at="2022-05-15T11:28:44 IST" name="t1" finished-at="2022-05-15T11:28:48 IST" duration-ms="3841" status="PASS">
          <reporter-output>
          </reporter-output>
        </test-method> <!-- t1 -->
        <test-method is-config="true" signature="after()[pri:0, instance:runner.TestExecution@183ec003]" started-at="2022-05-15T11:28:48 IST" name="after" finished-at="2022-05-15T11:28:49 IST" duration-ms="749" status="PASS">
          <reporter-output>
          </reporter-output>
        </test-method> <!-- after -->
        <test-method is-config="true" signature="afterClass()[pri:0, instance:runner.TestExecution@183ec003]" started-at="2022-05-15T11:28:49 IST" name="afterClass" finished-at="2022-05-15T11:28:49 IST" duration-ms="368" status="PASS">
          <reporter-output>
          </reporter-output>
        </test-method> <!-- afterClass -->
      </class> <!-- runner.TestExecution -->
    </test> <!-- Default test -->
  </suite> <!-- Default suite -->
</testng-results>
