<?xml version="1.0" encoding="UTF-8"?>
<testng-results skipped="0" failed="0" ignored="0" total="2" passed="2">
  <reporter-output>
  </reporter-output>
  <suite name="Surefire suite" duration-ms="42595" started-at="2022-05-15T13:35:30 IST" finished-at="2022-05-15T13:36:13 IST">
    <groups>
    </groups>
    <test name="Surefire test" duration-ms="42595" started-at="2022-05-15T13:35:30 IST" finished-at="2022-05-15T13:36:13 IST">
      <class name="runner.TestExecution">
        <test-method status="PASS" signature="beforeClass()[pri:0, instance:runner.TestExecution@2781e022]" name="beforeClass" is-config="true" duration-ms="294" started-at="2022-05-15T13:35:30 IST" finished-at="2022-05-15T13:35:31 IST">
          <reporter-output>
          </reporter-output>
        </test-method> <!-- beforeClass -->
        <test-method status="PASS" signature="before()[pri:0, instance:runner.TestExecution@2781e022]" name="before" is-config="true" duration-ms="14319" started-at="2022-05-15T13:35:31 IST" finished-at="2022-05-15T13:35:45 IST">
          <reporter-output>
          </reporter-output>
        </test-method> <!-- before -->
        <test-method status="PASS" signature="t()[pri:0, instance:runner.TestExecution@2781e022]" name="t" duration-ms="5609" started-at="2022-05-15T13:35:45 IST" finished-at="2022-05-15T13:35:51 IST">
          <reporter-output>
          </reporter-output>
        </test-method> <!-- t -->
        <test-method status="PASS" signature="after()[pri:0, instance:runner.TestExecution@2781e022]" name="after" is-config="true" duration-ms="863" started-at="2022-05-15T13:35:51 IST" finished-at="2022-05-15T13:35:52 IST">
          <reporter-output>
          </reporter-output>
        </test-method> <!-- after -->
        <test-method status="PASS" signature="before()[pri:0, instance:runner.TestExecution@2781e022]" name="before" is-config="true" duration-ms="16119" started-at="2022-05-15T13:35:52 IST" finished-at="2022-05-15T13:36:08 IST">
          <reporter-output>
          </reporter-output>
        </test-method> <!-- before -->
        <test-method status="PASS" signature="t1()[pri:0, instance:runner.TestExecution@2781e022]" name="t1" duration-ms="4014" started-at="2022-05-15T13:36:08 IST" finished-at="2022-05-15T13:36:12 IST">
          <reporter-output>
          </reporter-output>
        </test-method> <!-- t1 -->
        <test-method status="PASS" signature="after()[pri:0, instance:runner.TestExecution@2781e022]" name="after" is-config="true" duration-ms="917" started-at="2022-05-15T13:36:12 IST" finished-at="2022-05-15T13:36:13 IST">
          <reporter-output>
          </reporter-output>
        </test-method> <!-- after -->
        <test-method status="PASS" signature="afterClass()[pri:0, instance:runner.TestExecution@2781e022]" name="afterClass" is-config="true" duration-ms="400" started-at="2022-05-15T13:36:13 IST" finished-at="2022-05-15T13:36:13 IST">
          <reporter-output>
          </reporter-output>
        </test-method> <!-- afterClass -->
      </class> <!-- runner.TestExecution -->
    </test> <!-- Surefire test -->
  </suite> <!-- Surefire suite -->
</testng-results>
